── Attaching packages ─────────────────────────────────────── tidyverse 1.3.2 ──
✔ ggplot2 3.3.6      ✔ purrr   0.3.5 
✔ tibble  3.1.8      ✔ dplyr   1.0.10
✔ tidyr   1.2.1      ✔ stringr 1.4.1 
✔ readr   2.1.3      ✔ forcats 0.5.2 
── Conflicts ────────────────────────────────────────── tidyverse_conflicts() ──
✖ dplyr::filter() masks stats::filter()
✖ dplyr::lag()    masks stats::lag()
Loading required package: GenomicRanges
Loading required package: stats4
Loading required package: BiocGenerics

Attaching package: ‘BiocGenerics’

The following objects are masked from ‘package:dplyr’:

    combine, intersect, setdiff, union

The following objects are masked from ‘package:stats’:

    IQR, mad, sd, var, xtabs

The following objects are masked from ‘package:base’:

    anyDuplicated, append, as.data.frame, basename, cbind, colnames,
    dirname, do.call, duplicated, eval, evalq, Filter, Find, get, grep,
    grepl, intersect, is.unsorted, lapply, Map, mapply, match, mget,
    order, paste, pmax, pmax.int, pmin, pmin.int, Position, rank,
    rbind, Reduce, rownames, sapply, setdiff, sort, table, tapply,
    union, unique, unsplit, which.max, which.min

Loading required package: S4Vectors

Attaching package: ‘S4Vectors’

The following objects are masked from ‘package:dplyr’:

    first, rename

The following object is masked from ‘package:tidyr’:

    expand

The following objects are masked from ‘package:base’:

    expand.grid, I, unname

Loading required package: IRanges

Attaching package: ‘IRanges’

The following objects are masked from ‘package:dplyr’:

    collapse, desc, slice

The following object is masked from ‘package:purrr’:

    reduce

Loading required package: GenomeInfoDb
Loading required package: Rsamtools
Loading required package: Biostrings
Loading required package: XVector

Attaching package: ‘XVector’

The following object is masked from ‘package:purrr’:

    compact


Attaching package: ‘Biostrings’

The following object is masked from ‘package:base’:

    strsplit


Attaching package: ‘data.table’

The following object is masked from ‘package:GenomicRanges’:

    shift

The following object is masked from ‘package:IRanges’:

    shift

The following objects are masked from ‘package:S4Vectors’:

    first, second

The following objects are masked from ‘package:dplyr’:

    between, first, last

The following object is masked from ‘package:purrr’:

    transpose

Discarding unchained sequences: GL000008.2, GL000195.1, GL000205.2, GL000214.1, KI270438.1, KI270442.1, KI270467.1, KI270591.1, KI270728.1, KI270734.1, KI270744.1, GL000219.1, GL000225.1, KI270519.1, KI270729.1, KI270736.1, KI270750.1, KI270435.1, KI270725.1, KI270732.1, KI270733.1, KI270538.1, GL000216.2, GL000224.1, KI270709.1, GL000009.2, KI270757.1, KI270712.1, KI270743.1, KI270742.1, KI270722.1, KI270466.1, GL000220.1, KI270735.1, KI270720.1, KI270751.1, KI270754.1, GL000221.1, GL000194.1, GL000218.1, KI270468.1, KI270713.1, KI270724.1, KI270738.1, KI270747.1, KI270333.1, KI270723.1, KI270337.1, KI270584.1, KI270749.1, GL000208.1, KI270588.1, KI270589.1, KI270706.1, KI270730.1, KI270515.1, KI270716.1, KI270755.1, KI270727.1, KI270590.1, KI270719.1, KI270746.1, KI270753.1, KI270448.1, KI270583.1, KI270707.1, KI270708.1, KI270517.1, KI270737.1, KI270756.1, KI270717.1, KI270721.1, KI270711.1, KI270582.1, KI270516.1, KI270508.1, KI270714.1, KI270330.1, KI270310.1, KI270522.1, KI270710.1, KI270317.1, KI270382.1, KI270420.1, KI270320.1, KI270507.1, KI270512.1, KI270593.1, KI270511.1, KI270741.1, KI270718.1, KI270521.1, KI270429.1, KI270336.1, KI270510.1, KI270411.1, KI270518.1, KI270745.1, KI270580.1, KI270465.1, KI270539.1, KI270424.1, KI270322.1, KI270731.1, KI270529.1, KI270418.1, KI270395.1, KI270509.1, KI270304.1, KI270302.1, KI270739.1, KI270726.1, KI270748.1, KI270587.1, KI270366.1, GL000213.1, KI270362.1, KI270311.1, KI270417.1, KI270363.1, KI270414.1, KI270423.1, KI270715.1, KI270544.1, KI270396.1, KI270530.1, KI270305.1, GL000226.1, KI270392.1, KI270378.1, KI270419.1, KI270384.1, KI270303.1, KI270393.1, KI270579.1, KI270316.1
Discarding unchained sequences: GL000008.2, GL000009.2, GL000194.1, GL000195.1, GL000219.1, GL000225.1, KI270438.1, KI270442.1, KI270466.1, KI270467.1, KI270589.1, KI270719.1, KI270725.1, KI270728.1, KI270730.1, KI270733.1, KI270736.1, KI270743.1, KI270746.1, KI270750.1, KI270756.1, KI270757.1, KI270538.1, KI270516.1, KI270333.1, KI270712.1, KI270735.1, KI270337.1, KI270435.1, KI270507.1, KI270727.1, GL000205.2, GL000216.2, GL000220.1, KI270751.1, KI270515.1, KI270707.1, KI270714.1, KI270336.1, KI270723.1, GL000208.1, KI270512.1, KI270709.1, KI270724.1, GL000218.1, GL000224.1, KI270713.1, KI270706.1, KI270729.1, KI270742.1, KI270744.1, KI270519.1, KI270330.1, KI270720.1, KI270732.1, KI270747.1, KI270509.1, KI270749.1, KI270591.1, KI270722.1, GL000214.1, KI270590.1, KI270593.1, KI270522.1, KI270753.1, KI270721.1, KI270517.1, GL000221.1, KI270738.1, KI270726.1, KI270588.1, KI270448.1, KI270754.1, KI270711.1, KI270511.1, KI270584.1, KI270737.1, KI270518.1, KI270510.1, KI270716.1, KI270587.1, KI270508.1, KI270717.1, KI270734.1, KI270579.1, KI270582.1, KI270468.1, KI270741.1, KI270715.1, KI270739.1, KI270718.1, KI270366.1, GL000213.1, KI270395.1, KI270521.1, KI270320.1, KI270417.1, KI270311.1, KI270755.1, KI270302.1, KI270731.1, KI270465.1, KI270418.1, KI270304.1, KI270708.1, KI270745.1, KI270420.1, KI270362.1, KI270429.1, KI270580.1, KI270529.1, KI270583.1, KI270391.1, KI270419.1, KI270422.1, KI270382.1, KI270322.1, KI270412.1, KI270303.1, KI270310.1, KI270710.1, KI270539.1, KI270411.1, KI270384.1, KI270544.1, KI270748.1, GL000226.1, KI270423.1, KI270425.1, KI270317.1, KI270363.1, KI270530.1, KI270305.1, KI270315.1, KI270424.1
Warning messages:
1: In dir.create(filepath, recursive = T) :
  'processed_data/count_overlap_data/tsse_filtered/bing_ren/heart_atrial_appendage' already exists
2: In dir.create(filepath, recursive = T) :
  'processed_data/count_overlap_data/tsse_filtered/bing_ren/heart_atrial_appendage' already exists
3: In dir.create(filepath, recursive = T) :
  'processed_data/count_overlap_data/tsse_filtered/bing_ren/heart_atrial_appendage' already exists
